Removed Pin From Net: NetName=+3V3 Pin=*-1
Removed Pin From Net: NetName=GND Pin=*-2
Removed Pin From Net: NetName=PB11_TFT-CS Pin=*-3
Removed Pin From Net: NetName=PB10_TFT-RESET Pin=*-4
Removed Pin From Net: NetName=PB1_TFT-DC Pin=*-5
Removed Pin From Net: NetName=PA7_TFT-MOSI Pin=*-6
Removed Pin From Net: NetName=PA5_TFT-SCK Pin=*-7
Removed Pin From Net: NetName=+3V3 Pin=*-8
Removed Pin From Net: NetName=PA6_TFT-MISO Pin=*-9
Removed Pin From Net: NetName=PA5_TFT-SCK Pin=*-10
Removed Pin From Net: NetName=PB0_TOUCH-CS Pin=*-11
Removed Pin From Net: NetName=PA7_TFT-MOSI Pin=*-12
Removed Pin From Net: NetName=PA6_TFT-MISO Pin=*-13
Removed Pin From Net: NetName=PA4_TOUCH-IRQ Pin=*-14
Removed Pin From Net: NetName=GND Pin=APDS9960-2
Removed Pin From Net: NetName=+3V3 Pin=APDS9960-3
Removed Pin From Net: NetName=PB9_I2C_SDA Pin=APDS9960-4
Removed Pin From Net: NetName=GND Pin=B1-1
Removed Pin From Net: NetName=GND Pin=B2-1
Removed Pin From Net: NetName=GND Pin=B3-1
Removed Pin From Net: NetName=GND Pin=B4-1
Removed Pin From Net: NetName=+5V Pin=BMP180-1
Removed Pin From Net: NetName=GND Pin=BMP180-2
Removed Pin From Net: NetName=PB9_I2C_SDA Pin=BMP180-4
Removed Pin From Net: NetName=GND Pin=CB1-1
Removed Pin From Net: NetName=GND Pin=CB2-1
Removed Pin From Net: NetName=GND Pin=CB3-1
Removed Pin From Net: NetName=GND Pin=CB4-1
Removed Pin From Net: NetName=+3V3 Pin=Cd_tft-1
Removed Pin From Net: NetName=GND Pin=Cd_tft-2
Removed Pin From Net: NetName=GND Pin=CdExp-1
Removed Pin From Net: NetName=+3V3 Pin=CdExp-2
Removed Pin From Net: NetName=+5V Pin=Cdt-1
Removed Pin From Net: NetName=GND Pin=Cdt-2
Removed Pin From Net: NetName=GND Pin=Cdtsop-2
Removed Pin From Net: NetName=GND Pin=CdUand-1
Removed Pin From Net: NetName=+5V_Puissance Pin=CdUand-2
Removed Pin From Net: NetName=+5V_Puissance Pin=CdWS2812-1
Removed Pin From Net: NetName=GND Pin=CdWS2812-2
Removed Pin From Net: NetName=GND Pin=Cft-2
Removed Pin From Net: NetName=GND Pin=Cmot0-1
Removed Pin From Net: NetName=VCC Pin=Cmot0-2
Removed Pin From Net: NetName=GND Pin=Cmot1-1
Removed Pin From Net: NetName=VCC Pin=Cmot1-2
Removed Pin From Net: NetName=GND Pin=CNY70-2
Removed Pin From Net: NetName=GND Pin=CNY70-3
Removed Pin From Net: NetName=GND Pin=Cq1-1
Removed Pin From Net: NetName=PC14_OSC32 Pin=Cq1-2
Removed Pin From Net: NetName=GND Pin=Cq2-1
Removed Pin From Net: NetName=PC15_OSC32 Pin=Cq2-2
Removed Pin From Net: NetName=GND Pin=D2-2
Removed Pin From Net: NetName=GND Pin=D3-2
Removed Pin From Net: NetName=GND Pin=D4-2
Removed Pin From Net: NetName=GND Pin=D5-2
Removed Pin From Net: NetName=GND Pin=D6-2
Removed Pin From Net: NetName=GND Pin=D7-2
Removed Pin From Net: NetName=+3V3 Pin=DHT11-1
Removed Pin From Net: NetName=+3V3 Pin=DHT11-1
Removed Pin From Net: NetName=GND Pin=DHT11-4
Removed Pin From Net: NetName=GND Pin=DHT11-4
Removed Pin From Net: NetName=+3V3 Pin=GPIOExpander-9
Removed Pin From Net: NetName=GND Pin=GPIOExpander-10
Removed Pin From Net: NetName=PB9_I2C_SDA Pin=GPIOExpander-13
Removed Pin From Net: NetName=PA9 Pin=JArd-CN5-1
Removed Pin From Net: NetName=PB7_U1RX Pin=JArd-CN5-2
Removed Pin From Net: NetName=PB6_U1TX Pin=JArd-CN5-3
Removed Pin From Net: NetName=PA7 Pin=JArd-CN5-4
Removed Pin From Net: NetName=PA5 Pin=JArd-CN5-6
Removed Pin From Net: NetName=GND Pin=JArd-CN5-7
Removed Pin From Net: NetName=+3V3 Pin=JArd-CN5-8
Removed Pin From Net: NetName=PB9_I2C_SDA Pin=JArd-CN5-9
Removed Pin From Net: NetName=+3V3 Pin=JArd-CN6-2
Removed Pin From Net: NetName=+3V3 Pin=JArd-CN6-4
Removed Pin From Net: NetName=+5V Pin=JArd-CN6-5
Removed Pin From Net: NetName=GND Pin=JArd-CN6-6
Removed Pin From Net: NetName=GND Pin=JArd-CN6-7
Removed Pin From Net: NetName=PA0_AN0 Pin=JArd-CN8-1
Removed Pin From Net: NetName=PA1_AN1 Pin=JArd-CN8-2
Removed Pin From Net: NetName=PA3_U2RX Pin=JArd-CN9-1
Removed Pin From Net: NetName=PA2_U2TX Pin=JArd-CN9-2
Removed Pin From Net: NetName=PA10 Pin=JArd-CN9-3
Removed Pin From Net: NetName=PB3 Pin=JArd-CN9-4
Removed Pin From Net: NetName=PB5 Pin=JArd-CN9-5
Removed Pin From Net: NetName=PB4 Pin=JArd-CN9-6
Removed Pin From Net: NetName=PA8 Pin=JArd-CN9-8
Removed Pin From Net: NetName=GND Pin=JchargeP0-2
Removed Pin From Net: NetName=+3V3 Pin=JOY-1
Removed Pin From Net: NetName=GND Pin=JOY-3
Removed Pin From Net: NetName=+3V3 Pin=JOY-4
Removed Pin From Net: NetName=GND Pin=JOY-6
Removed Pin From Net: NetName=GND Pin=JOY-7
Removed Pin From Net: NetName=GND Pin=JOY-7
Removed Pin From Net: NetName=+5V Pin=JUART-2
Removed Pin From Net: NetName=GND Pin=JUART-3
Removed Pin From Net: NetName=PA3_U2RX Pin=JUART-4
Removed Pin From Net: NetName=PA2_U2TX Pin=JUART-5
Removed Pin From Net: NetName=+3V3 Pin=LDR5506-2
Removed Pin From Net: NetName=GND Pin=MatLED-1
Removed Pin From Net: NetName=+5V_Puissance Pin=MatLED-3
Removed Pin From Net: NetName=+3V3 Pin=MAX4466-1
Removed Pin From Net: NetName=GND Pin=MAX4466-3
Removed Pin From Net: NetName=GND Pin=MPU6050-2
Removed Pin From Net: NetName=PB9_I2C_SDA Pin=MPU6050-4
Removed Pin From Net: NetName=GND Pin=PT0-1
Removed Pin From Net: NetName=+3V3 Pin=PT0-3
Removed Pin From Net: NetName=GND Pin=PT1-1
Removed Pin From Net: NetName=+3V3 Pin=PT1-3
Removed Pin From Net: NetName=GND Pin=QIR-2
Removed Pin From Net: NetName=GND Pin=QnMOS0-2
Removed Pin From Net: NetName=GND Pin=QnMOS1-2
Removed Pin From Net: NetName=GND Pin=QnMOS2-3
Removed Pin From Net: NetName=GND Pin=QnMOS3-3
Removed Pin From Net: NetName=+3V3 Pin=QpMOS-2
Removed Pin From Net: NetName=PC14_OSC32 Pin=Qz32768-1
Removed Pin From Net: NetName=PC15_OSC32 Pin=Qz32768-4
Removed Pin From Net: NetName=+3V3 Pin=R+tsop-1
Removed Pin From Net: NetName=+3V3 Pin=Rkpu0-2
Removed Pin From Net: NetName=+3V3 Pin=Rkpu1-2
Removed Pin From Net: NetName=+3V3 Pin=Rkpu2-2
Removed Pin From Net: NetName=+3V3 Pin=Rkpu3-2
Removed Pin From Net: NetName=+3V3 Pin=Rkpu4-2
Removed Pin From Net: NetName=+3V3 Pin=Rkpu5-2
Removed Pin From Net: NetName=+3V3 Pin=Rkpu6-2
Removed Pin From Net: NetName=+3V3 Pin=Rkpu7-2
Removed Pin From Net: NetName=GND Pin=RpdIR-1
Removed Pin From Net: NetName=GND Pin=RpdLDR-2
Removed Pin From Net: NetName=+3V3 Pin=RpuB1-2
Removed Pin From Net: NetName=+3V3 Pin=RpuB2-2
Removed Pin From Net: NetName=+3V3 Pin=RpuB3-2
Removed Pin From Net: NetName=+3V3 Pin=RpuB4-2
Removed Pin From Net: NetName=+3V3 Pin=RpuCNY-1
Removed Pin From Net: NetName=+3V3 Pin=RpuDHT11-1
Removed Pin From Net: NetName=+3V3 Pin=RpuJoy-2
Removed Pin From Net: NetName=GND Pin=RpullMos0-1
Removed Pin From Net: NetName=GND Pin=RpullMos1-1
Removed Pin From Net: NetName=GND Pin=RpullMos2-1
Removed Pin From Net: NetName=GND Pin=RpullMos3-1
Removed Pin From Net: NetName=+3V3 Pin=RpullMosP-2
Removed Pin From Net: NetName=+3V3 Pin=RpuSCL-2
Removed Pin From Net: NetName=PB9_I2C_SDA Pin=RpuSDA-1
Removed Pin From Net: NetName=+3V3 Pin=RpuSDA-2
Removed Pin From Net: NetName=+3V3 Pin=Rputsop-1
Removed Pin From Net: NetName=+5V Pin=RsCNY-1
Removed Pin From Net: NetName=+5V Pin=RsIR-2
Removed Pin From Net: NetName=GND Pin=Servo1-1
Removed Pin From Net: NetName=+5V_Puissance Pin=Servo1-2
Removed Pin From Net: NetName=GND Pin=Servo2-1
Removed Pin From Net: NetName=+5V_Puissance Pin=Servo2-2
Removed Pin From Net: NetName=GND Pin=Servo3-1
Removed Pin From Net: NetName=+5V_Puissance Pin=Servo3-2
Removed Pin From Net: NetName=GND Pin=SMA13-2
Removed Pin From Net: NetName=GND Pin=TSOP38238-2
Removed Pin From Net: NetName=GND Pin=Uand-3
Removed Pin From Net: NetName=+5V_Puissance Pin=Uand-5
Removed Pin From Net: NetName=VCC Pin=Umot0-2
Removed Pin From Net: NetName=VCC Pin=Umot0-3
Removed Pin From Net: NetName=VCC Pin=Umot0-6
Removed Pin From Net: NetName=GND Pin=Umot0-8
Removed Pin From Net: NetName=VCC Pin=Umot1-2
Removed Pin From Net: NetName=VCC Pin=Umot1-3
Removed Pin From Net: NetName=VCC Pin=Umot1-6
Removed Pin From Net: NetName=GND Pin=Umot1-8
Removed Pin From Net: NetName=+5V Pin=Utemp-1
Removed Pin From Net: NetName=GND Pin=Utemp-3
Removed Member From Class: ClassName=projet_pcb_naked_f103 Member=*
Removed Member From Class: ClassName=projet_pcb_naked_f103 Member=APDS9960
Removed Member From Class: ClassName=projet_pcb_naked_f103 Member=B1
Removed Member From Class: ClassName=projet_pcb_naked_f103 Member=B2
Removed Member From Class: ClassName=projet_pcb_naked_f103 Member=B3
Removed Member From Class: ClassName=projet_pcb_naked_f103 Member=B4
Removed Member From Class: ClassName=projet_pcb_naked_f103 Member=BMP180
Removed Member From Class: ClassName=projet_pcb_naked_f103 Member=CB1
Removed Member From Class: ClassName=projet_pcb_naked_f103 Member=CB2
Removed Member From Class: ClassName=projet_pcb_naked_f103 Member=CB3
Removed Member From Class: ClassName=projet_pcb_naked_f103 Member=CB4
Removed Member From Class: ClassName=projet_pcb_naked_f103 Member=Cd_tft
Removed Member From Class: ClassName=projet_pcb_naked_f103 Member=CdExp
Removed Member From Class: ClassName=projet_pcb_naked_f103 Member=Cdt
Removed Member From Class: ClassName=projet_pcb_naked_f103 Member=Cdtsop
Removed Member From Class: ClassName=projet_pcb_naked_f103 Member=CdUand
Removed Member From Class: ClassName=projet_pcb_naked_f103 Member=CdWS2812
Removed Member From Class: ClassName=projet_pcb_naked_f103 Member=Cft
Removed Member From Class: ClassName=projet_pcb_naked_f103 Member=CL1
Removed Member From Class: ClassName=projet_pcb_naked_f103 Member=Cmot0
Removed Member From Class: ClassName=projet_pcb_naked_f103 Member=Cmot1
Removed Member From Class: ClassName=projet_pcb_naked_f103 Member=CNY70
Removed Member From Class: ClassName=projet_pcb_naked_f103 Member=Cq1
Removed Member From Class: ClassName=projet_pcb_naked_f103 Member=Cq2
Removed Member From Class: ClassName=projet_pcb_naked_f103 Member=D2
Removed Member From Class: ClassName=projet_pcb_naked_f103 Member=D3
Removed Member From Class: ClassName=projet_pcb_naked_f103 Member=D4
Removed Member From Class: ClassName=projet_pcb_naked_f103 Member=D5
Removed Member From Class: ClassName=projet_pcb_naked_f103 Member=D6
Removed Member From Class: ClassName=projet_pcb_naked_f103 Member=D7
Removed Member From Class: ClassName=projet_pcb_naked_f103 Member=D?
Removed Member From Class: ClassName=projet_pcb_naked_f103 Member=DHT11
Removed Member From Class: ClassName=projet_pcb_naked_f103 Member=GPIOExpander
Removed Member From Class: ClassName=projet_pcb_naked_f103 Member=JArd
Removed Member From Class: ClassName=projet_pcb_naked_f103 Member=Jcharge0
Removed Member From Class: ClassName=projet_pcb_naked_f103 Member=Jcharge1
Removed Member From Class: ClassName=projet_pcb_naked_f103 Member=Jcharge2
Removed Member From Class: ClassName=projet_pcb_naked_f103 Member=Jcharge3
Removed Member From Class: ClassName=projet_pcb_naked_f103 Member=JchargeP0
Removed Member From Class: ClassName=projet_pcb_naked_f103 Member=JOY
Removed Member From Class: ClassName=projet_pcb_naked_f103 Member=JUART
Removed Member From Class: ClassName=projet_pcb_naked_f103 Member=LDR5506
Removed Member From Class: ClassName=projet_pcb_naked_f103 Member=MatLED
Removed Member From Class: ClassName=projet_pcb_naked_f103 Member=MAX4466
Removed Member From Class: ClassName=projet_pcb_naked_f103 Member=MOT0
Removed Member From Class: ClassName=projet_pcb_naked_f103 Member=MOT1
Removed Member From Class: ClassName=projet_pcb_naked_f103 Member=MPU6050
Removed Member From Class: ClassName=projet_pcb_naked_f103 Member=Psma13
Removed Member From Class: ClassName=projet_pcb_naked_f103 Member=PT0
Removed Member From Class: ClassName=projet_pcb_naked_f103 Member=PT1
Removed Member From Class: ClassName=projet_pcb_naked_f103 Member=QIR
Removed Member From Class: ClassName=projet_pcb_naked_f103 Member=QnMOS0
Removed Member From Class: ClassName=projet_pcb_naked_f103 Member=QnMOS1
Removed Member From Class: ClassName=projet_pcb_naked_f103 Member=QnMOS2
Removed Member From Class: ClassName=projet_pcb_naked_f103 Member=QnMOS3
Removed Member From Class: ClassName=projet_pcb_naked_f103 Member=QpMOS
Removed Member From Class: ClassName=projet_pcb_naked_f103 Member=Qz32768
Removed Member From Class: ClassName=projet_pcb_naked_f103 Member=R+tsop
Removed Member From Class: ClassName=projet_pcb_naked_f103 Member=Rft
Removed Member From Class: ClassName=projet_pcb_naked_f103 Member=Rkpu0
Removed Member From Class: ClassName=projet_pcb_naked_f103 Member=Rkpu1
Removed Member From Class: ClassName=projet_pcb_naked_f103 Member=Rkpu2
Removed Member From Class: ClassName=projet_pcb_naked_f103 Member=Rkpu3
Removed Member From Class: ClassName=projet_pcb_naked_f103 Member=Rkpu4
Removed Member From Class: ClassName=projet_pcb_naked_f103 Member=Rkpu5
Removed Member From Class: ClassName=projet_pcb_naked_f103 Member=Rkpu6
Removed Member From Class: ClassName=projet_pcb_naked_f103 Member=Rkpu7
Removed Member From Class: ClassName=projet_pcb_naked_f103 Member=RLed2
Removed Member From Class: ClassName=projet_pcb_naked_f103 Member=RLed3
Removed Member From Class: ClassName=projet_pcb_naked_f103 Member=RLed4
Removed Member From Class: ClassName=projet_pcb_naked_f103 Member=RLed5
Removed Member From Class: ClassName=projet_pcb_naked_f103 Member=RLed6
Removed Member From Class: ClassName=projet_pcb_naked_f103 Member=RLed7
Removed Member From Class: ClassName=projet_pcb_naked_f103 Member=RpdIR
Removed Member From Class: ClassName=projet_pcb_naked_f103 Member=RpdLDR
Removed Member From Class: ClassName=projet_pcb_naked_f103 Member=RpuB1
Removed Member From Class: ClassName=projet_pcb_naked_f103 Member=RpuB2
Removed Member From Class: ClassName=projet_pcb_naked_f103 Member=RpuB3
Removed Member From Class: ClassName=projet_pcb_naked_f103 Member=RpuB4
Removed Member From Class: ClassName=projet_pcb_naked_f103 Member=RpuCNY
Removed Member From Class: ClassName=projet_pcb_naked_f103 Member=RpuDHT11
Removed Member From Class: ClassName=projet_pcb_naked_f103 Member=RpuJoy
Removed Member From Class: ClassName=projet_pcb_naked_f103 Member=RpullMos0
Removed Member From Class: ClassName=projet_pcb_naked_f103 Member=RpullMos1
Removed Member From Class: ClassName=projet_pcb_naked_f103 Member=RpullMos2
Removed Member From Class: ClassName=projet_pcb_naked_f103 Member=RpullMos3
Removed Member From Class: ClassName=projet_pcb_naked_f103 Member=RpullMosP
Removed Member From Class: ClassName=projet_pcb_naked_f103 Member=RpuSCL
Removed Member From Class: ClassName=projet_pcb_naked_f103 Member=RpuSDA
Removed Member From Class: ClassName=projet_pcb_naked_f103 Member=Rputsop
Removed Member From Class: ClassName=projet_pcb_naked_f103 Member=RsCNY
Removed Member From Class: ClassName=projet_pcb_naked_f103 Member=RsIR
Removed Member From Class: ClassName=projet_pcb_naked_f103 Member=RsSMA
Removed Member From Class: ClassName=projet_pcb_naked_f103 Member=RsWS2812
Removed Member From Class: ClassName=projet_pcb_naked_f103 Member=Servo1
Removed Member From Class: ClassName=projet_pcb_naked_f103 Member=Servo2
Removed Member From Class: ClassName=projet_pcb_naked_f103 Member=Servo3
Removed Member From Class: ClassName=projet_pcb_naked_f103 Member=SMA13
Removed Member From Class: ClassName=projet_pcb_naked_f103 Member=TSOP38238
Removed Member From Class: ClassName=projet_pcb_naked_f103 Member=Uand
Removed Member From Class: ClassName=projet_pcb_naked_f103 Member=Umot0
Removed Member From Class: ClassName=projet_pcb_naked_f103 Member=Umot1
Removed Member From Class: ClassName=projet_pcb_naked_f103 Member=Utemp
Added Pin To Net: NetName=PA8_PWM1 Pin=Servo0-3
Added Pin To Net: NetName=PA8_PWM1 Pin=Uc-45
Added Net: Name=PA8_PWM1
